<?xml version="1.0" encoding="UTF-8"?>
<!-- Generated by org.testng.reporters.JUnitReportReporter -->
<testsuite hostname="DESKTOP-64DPFTH" failures="0" tests="2" name="webPageTest.ProductsTest" time="137.213" errors="0" timestamp="2020-05-15T23:55:23 CEST" skipped="0">
  <testcase classname="webPageTest.ProductsTest" name="createProducts" time="107.764"/>
  <system-out/>
  <testcase classname="webPageTest.ProductsTest" name="increasePrice1" time="29.449"/>
  <system-out/>
</testsuite> <!-- webPageTest.ProductsTest -->
