<?xml version="1.0" encoding="UTF-8"?>
<!-- Generated by org.testng.reporters.JUnitReportReporter -->
<testsuite hostname="DESKTOP-64DPFTH" failures="0" tests="2" name="webPageTest.ProductsTest" time="148.215" errors="0" timestamp="2020-05-16T15:11:37 CEST" skipped="0">
  <testcase classname="webPageTest.ProductsTest" name="createProducts" time="117.062"/>
  <system-out/>
  <testcase classname="webPageTest.ProductsTest" name="increasePrice1" time="31.153"/>
  <system-out/>
</testsuite> <!-- webPageTest.ProductsTest -->
